PLINK v2.00a3LM 64-bit Intel (23 Sep 2020)
Options in effect:
  --bfile genotypes21_22
  --maf 0.001
  --no-id-header
  --out output/cache/genotypes21_22.qc_pass
  --threads 8
  --write-samples
  --write-snplist

Hostname: 92bf7e0a5961
Working directory: /Users/rommelnunez/Documents/GitHub/orientation/LMM_MWE
Start time: Fri Jan 22 20:12:26 2021

Random number seed: 1611346346
1990 MiB RAM detected; reserving 995 MiB for main workspace.
Using up to 8 compute threads.
100 samples (50 females, 50 males; 100 founders) loaded from
genotypes21_22.fam.
16577 variants loaded from genotypes21_22.bim.
Note: No phenotype data present.
--write-samples: Sample IDs written to output/cache/genotypes21_22.qc_pass.id .
Calculating allele frequencies... done.
122 variants removed due to allele frequency threshold(s)
(--maf/--max-maf/--mac/--max-mac).
16455 variants remaining after main filters.
--write-snplist: Variant IDs written to
output/cache/genotypes21_22.qc_pass.snplist .

End time: Fri Jan 22 20:12:26 2021
