*******************************************************************
* Genome-wide Complex Trait Analysis (GCTA)
* version 1.93.2 beta Linux
* (C) 2010-present, Jian Yang, The University of Queensland
* Please report bugs to Jian Yang <jian.yang.qt@gmail.com>
*******************************************************************
Analysis started at 19:34:40 UTC on Fri Jan 22 2021.
Hostname: b2248e048194

Options: 
 
--grm /Users/rommelnunez/Documents/Github/orientation/LMM_MWE/output/genotypes 
--make-bK-sparse 0.05 
--out /Users/rommelnunez/Documents/Github/orientation/LMM_MWE/output/genotypes 

Pruning the GRM to sparse with a cut off of 0.050000...
Total number of parts to proceed: 1
    Saving 100 individual IDs
    Processing part 1
Saving GRM sparse (100 pairs) to [/Users/rommelnunez/Documents/Github/orientation/LMM_MWE/output/genotypes.grm.sp]
make GRM sparse finished Success:

Analysis finished at 19:34:41 UTC on Fri Jan 22 2021
Overall computational time: 0.11 sec.
